0 info it worked if it ends with ok
1 verbose cli [ 'C:\\Program Files\\nodejs\\node.exe',
1 verbose cli   'C:\\Users\\umas\\AppData\\Roaming\\npm\\node_modules\\npm\\bin\\npm-cli.js',
1 verbose cli   'run',
1 verbose cli   'gulp' ]
2 info using npm@3.8.7
3 info using node@v4.4.3
4 verbose run-script [ 'pregulp', 'gulp', 'postgulp' ]
5 info lifecycle word-addin-ang2-word-to-md@1.0.0~pregulp: word-addin-ang2-word-to-md@1.0.0
6 silly lifecycle word-addin-ang2-word-to-md@1.0.0~pregulp: no script for pregulp, continuing
7 info lifecycle word-addin-ang2-word-to-md@1.0.0~gulp: word-addin-ang2-word-to-md@1.0.0
8 verbose lifecycle word-addin-ang2-word-to-md@1.0.0~gulp: unsafe-perm in lifecycle true
9 verbose lifecycle word-addin-ang2-word-to-md@1.0.0~gulp: PATH: C:\Users\umas\AppData\Roaming\npm\node_modules\npm\bin\node-gyp-bin;C:\Users\umas\Desktop\Repos\Word-Addin-Ang2-Word-to-MD\node_modules\.bin;C:\Program Files\nodejs;C:\Users\umas\AppData\Roaming\npm\node_modules\npm\bin\node-gyp-bin;C:\Users\umas\Desktop\Repos\Word-Addin-Ang2-Word-to-MD\node_modules\.bin;C:\Program Files\nodejs;C:\Program Files\Common Files\Microsoft Shared\Microsoft Online Services;C:\Program Files (x86)\Common Files\Microsoft Shared\Microsoft Online Services;C:\windows\system32;C:\windows;C:\windows\System32\Wbem;C:\windows\System32\WindowsPowerShell\v1.0\;C:\Users\umas\.dnx\bin;C:\Program Files\Microsoft DNX\Dnvm\;C:\Program Files\Microsoft SQL Server\120\Tools\Binn\;C:\Program Files (x86)\Windows Phone TShell\;C:\Program Files\Microsoft\Web Platform Installer\;C:\Program Files\Git\cmd;C:\Program Files\nodejs\;C:\Users\umas\AppData\Roaming\npm
10 verbose lifecycle word-addin-ang2-word-to-md@1.0.0~gulp: CWD: C:\Users\umas\Desktop\Repos\Word-Addin-Ang2-Word-to-MD
11 silly lifecycle word-addin-ang2-word-to-md@1.0.0~gulp: Args: [ '/d /s /c', 'gulp' ]
12 silly lifecycle word-addin-ang2-word-to-md@1.0.0~gulp: Returned: code: 1  signal: null
13 info lifecycle word-addin-ang2-word-to-md@1.0.0~gulp: Failed to exec gulp script
14 verbose stack Error: word-addin-ang2-word-to-md@1.0.0 gulp: `gulp`
14 verbose stack Exit status 1
14 verbose stack     at EventEmitter.<anonymous> (C:\Users\umas\AppData\Roaming\npm\node_modules\npm\lib\utils\lifecycle.js:244:16)
14 verbose stack     at emitTwo (events.js:87:13)
14 verbose stack     at EventEmitter.emit (events.js:172:7)
14 verbose stack     at ChildProcess.<anonymous> (C:\Users\umas\AppData\Roaming\npm\node_modules\npm\lib\utils\spawn.js:24:14)
14 verbose stack     at emitTwo (events.js:87:13)
14 verbose stack     at ChildProcess.emit (events.js:172:7)
14 verbose stack     at maybeClose (internal/child_process.js:827:16)
14 verbose stack     at Process.ChildProcess._handle.onexit (internal/child_process.js:211:5)
15 verbose pkgid word-addin-ang2-word-to-md@1.0.0
16 verbose cwd C:\Users\umas\Desktop\Repos\Word-Addin-Ang2-Word-to-MD
17 error Windows_NT 10.0.10586
18 error argv "C:\\Program Files\\nodejs\\node.exe" "C:\\Users\\umas\\AppData\\Roaming\\npm\\node_modules\\npm\\bin\\npm-cli.js" "run" "gulp"
19 error node v4.4.3
20 error npm  v3.8.7
21 error code ELIFECYCLE
22 error word-addin-ang2-word-to-md@1.0.0 gulp: `gulp`
22 error Exit status 1
23 error Failed at the word-addin-ang2-word-to-md@1.0.0 gulp script 'gulp'.
23 error Make sure you have the latest version of node.js and npm installed.
23 error If you do, this is most likely a problem with the word-addin-ang2-word-to-md package,
23 error not with npm itself.
23 error Tell the author that this fails on your system:
23 error     gulp
23 error You can get information on how to open an issue for this project with:
23 error     npm bugs word-addin-ang2-word-to-md
23 error Or if that isn't available, you can get their info via:
23 error     npm owner ls word-addin-ang2-word-to-md
23 error There is likely additional logging output above.
24 verbose exit [ 1, true ]
